Build started 10-11-2015 22:21:01.
     1>Project "D:\Github\ISEL-1516i-SO\Uthreads\UThread\UThread.vcxproj" on node 2 (build target(s)).
       Project file contains ToolsVersion="12.0". This toolset may be unknown or missing, in which case you may be able to resolve this by installing the appropriate version of MSBuild, or the build may have been forced to a particular ToolsVersion for policy reasons. Treating the project as if it had ToolsVersion="4.0". For more information, please see http://go.microsoft.com/fwlink/?LinkId=291333.
     1>InitializeBuildStatus:
         Creating "Debug\UThread.unsuccessfulbuild" because "AlwaysCreate" was specified.
       ClCompile:
         C:\Program Files\Microsoft Visual Studio 10.0\VC\bin\CL.exe /c /I..\Include /ZI /nologo /W3 /WX- /Od /Oy- /D WIN32 /D _WINDOWS /D _USRDLL /D UTHREAD_DLL /D _DEBUG /D _WINDLL /D _UNICODE /D UNICODE /Gm /EHsc /RTC1 /MDd /GS /fp:precise /Zc:wchar_t /Zc:forScope /Fo"Debug\\" /Fd"Debug\vc100.pdb" /Gd /TC /analyze- /errorReport:prompt UThread.c
         UThread.c
       Link:
         C:\Program Files\Microsoft Visual Studio 10.0\VC\bin\link.exe /ERRORREPORT:PROMPT /OUT:"D:\Github\ISEL-1516i-SO\Uthreads\Debug\UThread.dll" /INCREMENTAL:NO /NOLOGO kernel32.lib user32.lib gdi32.lib winspool.lib comdlg32.lib advapi32.lib shell32.lib ole32.lib oleaut32.lib uuid.lib odbc32.lib odbccp32.lib /MANIFEST /ManifestFile:"Debug\UThread.dll.intermediate.manifest" /MANIFESTUAC:"level='asInvoker' uiAccess='false'" /DEBUG /PDB:"D:\Github\ISEL-1516i-SO\Uthreads\Debug\UThread.pdb" /SUBSYSTEM:WINDOWS /TLBID:1 /DYNAMICBASE /NXCOMPAT /IMPLIB:"D:\Github\ISEL-1516i-SO\Uthreads\Debug\UThread.lib" /MACHINE:X86 /DLL Debug\UThread.obj
     1>UThread.obj : warning LNK4075: ignoring '/EDITANDCONTINUE' due to '/INCREMENTAL:NO' specification
            Creating library D:\Github\ISEL-1516i-SO\Uthreads\Debug\UThread.lib and object D:\Github\ISEL-1516i-SO\Uthreads\Debug\UThread.exp
         UThread.vcxproj -> D:\Github\ISEL-1516i-SO\Uthreads\Debug\UThread.dll
       Manifest:
         C:\Program Files\Microsoft SDKs\Windows\v7.0A\bin\mt.exe /nologo /verbose /outputresource:"D:\Github\ISEL-1516i-SO\Uthreads\Debug\UThread.dll;#2" /manifest Debug\UThread.dll.intermediate.manifest
       FinalizeBuildStatus:
         Deleting file "Debug\UThread.unsuccessfulbuild".
         Touching "Debug\UThread.lastbuildstate".
     1>Done Building Project "D:\Github\ISEL-1516i-SO\Uthreads\UThread\UThread.vcxproj" (build target(s)).

Build succeeded.

Time Elapsed 00:00:00.95
