D:\GITHUB\ISEL-1516I-SO\UTHREADS\DEBUG\USYNCH.DLL
D:\Github\ISEL-1516i-SO\Uthreads\Debug\USynch.exp
D:\Github\ISEL-1516i-SO\Uthreads\Debug\USynch.lib
D:\GITHUB\ISEL-1516I-SO\UTHREADS\DEBUG\USYNCH.PDB
D:\Github\ISEL-1516i-SO\Uthreads\USynch\Debug\cl.command.1.tlog
D:\Github\ISEL-1516i-SO\Uthreads\USynch\Debug\CL.read.1.tlog
D:\Github\ISEL-1516i-SO\Uthreads\USynch\Debug\CL.write.1.tlog
D:\GITHUB\ISEL-1516I-SO\UTHREADS\USYNCH\DEBUG\EVENT.OBJ
D:\Github\ISEL-1516i-SO\Uthreads\USynch\Debug\link.command.1.tlog
D:\Github\ISEL-1516i-SO\Uthreads\USynch\Debug\link.read.1.tlog
D:\Github\ISEL-1516i-SO\Uthreads\USynch\Debug\link.write.1.tlog
D:\Github\ISEL-1516i-SO\Uthreads\USynch\Debug\mt.command.1.tlog
D:\Github\ISEL-1516i-SO\Uthreads\USynch\Debug\mt.read.1.tlog
D:\Github\ISEL-1516i-SO\Uthreads\USynch\Debug\mt.write.1.tlog
D:\GITHUB\ISEL-1516I-SO\UTHREADS\USYNCH\DEBUG\MUTEX.OBJ
D:\GITHUB\ISEL-1516I-SO\UTHREADS\USYNCH\DEBUG\SEMAPHORE.OBJ
D:\GITHUB\ISEL-1516I-SO\UTHREADS\USYNCH\DEBUG\USYNCH.DLL.INTERMEDIATE.MANIFEST
D:\Github\ISEL-1516i-SO\Uthreads\USynch\Debug\USynch.write.1.tlog
D:\Github\ISEL-1516i-SO\Uthreads\USynch\Debug\vc100.idb
D:\GITHUB\ISEL-1516I-SO\UTHREADS\USYNCH\DEBUG\VC100.PDB
