Build started 14-11-2015 17:59:01.
     1>Project "D:\Github\ISEL-1516i-SO\Exerc4\Exerc4.vcxproj" on node 2 (build target(s)).
     1>InitializeBuildStatus:
         Creating "Debug\Exerc4.unsuccessfulbuild" because "AlwaysCreate" was specified.
       ClCompile:
         All outputs are up-to-date.
         C:\Program Files\Microsoft Visual Studio 10.0\VC\bin\CL.exe /c /ZI /nologo /W3 /WX- /Od /Oy- /D WIN32 /D _DEBUG /D _CONSOLE /D _UNICODE /D UNICODE /Gm /EHsc /RTC1 /MDd /GS /fp:precise /Zc:wchar_t /Zc:forScope /Yu"StdAfx.h" /Fp"Debug\Exerc4.pch" /Fo"Debug\\" /Fd"Debug\vc100.pdb" /Gd /TP /analyze- /errorReport:prompt Exerc4.cpp
         Exerc4.cpp
     1>d:\github\isel-1516i-so\exerc4\exerc4.cpp(16): warning C4002: too many actual parameters for macro '_T'
     1>d:\github\isel-1516i-so\exerc4\exerc4.cpp(34): warning C4552: '-' : operator has no effect; expected operator with side-effect
     1>d:\github\isel-1516i-so\exerc4\exerc4.cpp(13): warning C4101: 'lpProcessPath' : unreferenced local variable
       Link:
         C:\Program Files\Microsoft Visual Studio 10.0\VC\bin\link.exe /ERRORREPORT:PROMPT /OUT:"D:\Github\ISEL-1516i-SO\ConsoleApplication1\Debug\Exerc4.exe" /INCREMENTAL:NO /NOLOGO kernel32.lib user32.lib gdi32.lib winspool.lib comdlg32.lib advapi32.lib shell32.lib ole32.lib oleaut32.lib uuid.lib odbc32.lib odbccp32.lib /MANIFEST /ManifestFile:"Debug\Exerc4.exe.intermediate.manifest" /MANIFESTUAC:"level='asInvoker' uiAccess='false'" /DEBUG /PDB:"D:\Github\ISEL-1516i-SO\ConsoleApplication1\Debug\Exerc4.pdb" /SUBSYSTEM:CONSOLE /TLBID:1 /DYNAMICBASE /NXCOMPAT /IMPLIB:"D:\Github\ISEL-1516i-SO\ConsoleApplication1\Debug\Exerc4.lib" /MACHINE:X86 Debug\Exerc4.obj
         Debug\stdafx.obj
     1>Exerc4.obj : warning LNK4075: ignoring '/EDITANDCONTINUE' due to '/INCREMENTAL:NO' specification
         Exerc4.vcxproj -> D:\Github\ISEL-1516i-SO\ConsoleApplication1\Debug\Exerc4.exe
       Manifest:
         C:\Program Files\Microsoft SDKs\Windows\v7.0A\bin\mt.exe /nologo /verbose /outputresource:"D:\Github\ISEL-1516i-SO\ConsoleApplication1\Debug\Exerc4.exe;#1" /manifest Debug\Exerc4.exe.intermediate.manifest
       FinalizeBuildStatus:
         Deleting file "Debug\Exerc4.unsuccessfulbuild".
         Touching "Debug\Exerc4.lastbuildstate".
     1>Done Building Project "D:\Github\ISEL-1516i-SO\Exerc4\Exerc4.vcxproj" (build target(s)).

Build succeeded.

Time Elapsed 00:00:01.01
