D:\GITHUB\ISEL-1516I-SO\CONSOLEAPPLICATION1\DEBUG\EXERC4.EXE
D:\GITHUB\ISEL-1516I-SO\CONSOLEAPPLICATION1\DEBUG\EXERC4.PDB
D:\Github\ISEL-1516i-SO\Exerc4\Debug\cl.command.1.tlog
D:\Github\ISEL-1516i-SO\Exerc4\Debug\CL.read.1.tlog
D:\Github\ISEL-1516i-SO\Exerc4\Debug\CL.write.1.tlog
D:\Github\ISEL-1516i-SO\Exerc4\Debug\Exerc4.exe.embed.manifest
D:\GITHUB\ISEL-1516I-SO\EXERC4\DEBUG\EXERC4.EXE.EMBED.MANIFEST.RES
D:\GITHUB\ISEL-1516I-SO\EXERC4\DEBUG\EXERC4.EXE.INTERMEDIATE.MANIFEST
D:\GITHUB\ISEL-1516I-SO\EXERC4\DEBUG\EXERC4.OBJ
D:\GITHUB\ISEL-1516I-SO\EXERC4\DEBUG\EXERC4.PCH
D:\Github\ISEL-1516i-SO\Exerc4\Debug\Exerc4.vcxprojResolveAssemblyReference.cache
D:\Github\ISEL-1516i-SO\Exerc4\Debug\Exerc4.write.1.tlog
D:\Github\ISEL-1516i-SO\Exerc4\Debug\Exerc4_manifest.rc
D:\Github\ISEL-1516i-SO\Exerc4\Debug\link.command.1.tlog
D:\Github\ISEL-1516i-SO\Exerc4\Debug\link.read.1.tlog
D:\Github\ISEL-1516i-SO\Exerc4\Debug\link.write.1.tlog
D:\Github\ISEL-1516i-SO\Exerc4\Debug\mt.command.1.tlog
D:\Github\ISEL-1516i-SO\Exerc4\Debug\mt.read.1.tlog
D:\Github\ISEL-1516i-SO\Exerc4\Debug\mt.write.1.tlog
D:\Github\ISEL-1516i-SO\Exerc4\Debug\rc.command.1.tlog
D:\Github\ISEL-1516i-SO\Exerc4\Debug\rc.read.1.tlog
D:\Github\ISEL-1516i-SO\Exerc4\Debug\rc.write.1.tlog
D:\GITHUB\ISEL-1516I-SO\EXERC4\DEBUG\STDAFX.OBJ
D:\Github\ISEL-1516i-SO\Exerc4\Debug\vc100.idb
D:\GITHUB\ISEL-1516I-SO\EXERC4\DEBUG\VC100.PDB
